[debug] [2021-06-25T14:34:01.005Z] ----------------------------------------------------------------------
[debug] [2021-06-25T14:34:01.009Z] Command:       C:\Program Files\nodejs\node.exe C:\Users\M R Computer\AppData\Roaming\npm\node_modules\firebase-tools\lib\bin\firebase.js init
[debug] [2021-06-25T14:34:01.009Z] CLI Version:   9.14.0
[debug] [2021-06-25T14:34:01.010Z] Platform:      win32
[debug] [2021-06-25T14:34:01.010Z] Node Version:  v14.15.5
[debug] [2021-06-25T14:34:01.011Z] Time:          Fri Jun 25 2021 22:34:01 GMT+0800 (China Standard Time)
[debug] [2021-06-25T14:34:01.012Z] ----------------------------------------------------------------------
[debug] 
[debug] [2021-06-25T14:34:01.016Z] >>> [apiv2][query] GET https://firebase-public.firebaseio.com/cli.json [none]
[debug] [2021-06-25T14:34:01.053Z] > command requires scopes: ["email","openid","https://www.googleapis.com/auth/cloudplatformprojects.readonly","https://www.googleapis.com/auth/firebase","https://www.googleapis.com/auth/cloud-platform"]
[debug] [2021-06-25T14:34:01.054Z] > authorizing via signed-in user (naimur4062@gmail.com)
[info] 
     ######## #### ########  ######## ########     ###     ######  ########
     ##        ##  ##     ## ##       ##     ##  ##   ##  ##       ##
     ######    ##  ########  ######   ########  #########  ######  ######
     ##        ##  ##    ##  ##       ##     ## ##     ##       ## ##
     ##       #### ##     ## ######## ########  ##     ##  ######  ########

You're about to initialize a Firebase project in this directory:

  E:\Web Development\PH-Instructor\aircraft-client

[debug] [2021-06-25T14:34:02.432Z] <<< [apiv2][status] GET https://firebase-public.firebaseio.com/cli.json 200
[debug] [2021-06-25T14:34:02.433Z] <<< [apiv2][body] GET https://firebase-public.firebaseio.com/cli.json {"cloudBuildErrorAfter":1594252800000,"cloudBuildWarnAfter":1590019200000,"defaultNode10After":1594252800000,"minVersion":"3.0.5","node8DeploysDisabledAfter":1613390400000,"node8RuntimeDisabledAfter":1615809600000,"node8WarnAfter":1600128000000}
